::1 - - [18/Dec/2023:15:18:18 +0200] "GET / HTTP/1.1" 403 1215
::1 - - [18/Dec/2023:15:18:18 +0200] "GET /favicon.ico HTTP/1.1" 403 1203
::1 - - [18/Dec/2023:15:18:18 +0200] "GET /apple-touch-icon-precomposed.png HTTP/1.1" 403 1203
::1 - - [18/Dec/2023:15:18:18 +0200] "GET /apple-touch-icon.png HTTP/1.1" 403 1203
::1 - - [18/Dec/2023:15:18:35 +0200] "GET / HTTP/1.1" 403 1215
::1 - - [18/Dec/2023:15:27:27 +0200] "GET / HTTP/1.1" 403 1215
::1 - - [18/Dec/2023:15:30:33 +0200] "GET / HTTP/1.1" 403 1215
::1 - - [18/Dec/2023:15:34:15 +0200] "GET / HTTP/1.1" 200 243
::1 - - [18/Dec/2023:15:44:30 +0200] "GET / HTTP/1.1" 200 243
::1 - - [18/Dec/2023:15:45:33 +0200] "GET /index.py HTTP/1.1" 500 1315
::1 - - [18/Dec/2023:15:47:51 +0200] "GET /index.py HTTP/1.1" 500 1315
::1 - - [18/Dec/2023:15:47:55 +0200] "GET /index.py HTTP/1.1" 500 1315
::1 - - [18/Dec/2023:15:50:20 +0200] "GET /index.py HTTP/1.1" 500 1315
::1 - - [18/Dec/2023:15:50:23 +0200] "GET /index.py HTTP/1.1" 500 1315
::1 - - [18/Dec/2023:15:51:30 +0200] "GET /index.py HTTP/1.1" 200 243
::1 - - [18/Dec/2023:15:54:40 +0200] "GET /index.py HTTP/1.1" 500 1315
::1 - - [18/Dec/2023:15:54:53 +0200] "GET /index.py HTTP/1.1" 500 1315
::1 - - [18/Dec/2023:15:55:10 +0200] "GET /index.py HTTP/1.1" 200 243
::1 - - [18/Dec/2023:15:56:39 +0200] "GET /index.py HTTP/1.1" 200 243
::1 - - [18/Dec/2023:15:56:58 +0200] "GET /index.py HTTP/1.1" 200 243
::1 - - [18/Dec/2023:15:59:20 +0200] "GET /index.py HTTP/1.1" 200 243
::1 - - [18/Dec/2023:15:59:21 +0200] "GET /index.py HTTP/1.1" 200 243
::1 - - [18/Dec/2023:15:59:22 +0200] "GET /index.py HTTP/1.1" 200 243
::1 - - [18/Dec/2023:15:59:23 +0200] "GET /index.py HTTP/1.1" 200 243
::1 - - [18/Dec/2023:15:59:24 +0200] "GET /index.py HTTP/1.1" 200 243
::1 - - [18/Dec/2023:15:59:25 +0200] "GET /index.py HTTP/1.1" 200 243
::1 - - [18/Dec/2023:15:59:26 +0200] "GET /index.py HTTP/1.1" 200 243
::1 - - [18/Dec/2023:15:59:27 +0200] "GET /index.py HTTP/1.1" 200 243
::1 - - [18/Dec/2023:15:59:27 +0200] "GET /index.py HTTP/1.1" 200 243
::1 - - [18/Dec/2023:15:59:28 +0200] "GET /index.py HTTP/1.1" 200 243
::1 - - [18/Dec/2023:15:59:29 +0200] "GET /index.py HTTP/1.1" 200 243
::1 - - [18/Dec/2023:15:59:29 +0200] "GET /index.py HTTP/1.1" 200 243
::1 - - [18/Dec/2023:15:59:30 +0200] "GET /index.py HTTP/1.1" 200 243
::1 - - [18/Dec/2023:15:59:31 +0200] "GET /index.py HTTP/1.1" 200 243
::1 - - [18/Dec/2023:15:59:31 +0200] "GET /index.py HTTP/1.1" 200 243
::1 - - [18/Dec/2023:15:59:32 +0200] "GET /index.py HTTP/1.1" 200 243
::1 - - [18/Dec/2023:16:00:10 +0200] "GET /index.py HTTP/1.1" 200 243
::1 - - [18/Dec/2023:16:00:11 +0200] "GET /index.py HTTP/1.1" 200 243
::1 - - [18/Dec/2023:16:00:12 +0200] "GET /index.py HTTP/1.1" 200 243
::1 - - [18/Dec/2023:16:00:12 +0200] "GET /index.py HTTP/1.1" 200 243
::1 - - [18/Dec/2023:16:00:13 +0200] "GET /index.py HTTP/1.1" 200 243
::1 - - [18/Dec/2023:16:00:14 +0200] "GET /index.py HTTP/1.1" 200 243
::1 - - [18/Dec/2023:16:00:14 +0200] "GET /index.py HTTP/1.1" 200 243
::1 - - [18/Dec/2023:16:00:15 +0200] "GET /index.py HTTP/1.1" 200 243
::1 - - [18/Dec/2023:16:00:15 +0200] "GET /index.py HTTP/1.1" 200 243
::1 - - [18/Dec/2023:16:00:16 +0200] "GET /index.py HTTP/1.1" 200 243
::1 - - [18/Dec/2023:16:00:16 +0200] "GET /index.py HTTP/1.1" 200 243
::1 - - [18/Dec/2023:16:00:18 +0200] "GET /index.py HTTP/1.1" 200 243
::1 - - [18/Dec/2023:16:00:18 +0200] "GET /index.py HTTP/1.1" 200 243
::1 - - [18/Dec/2023:16:00:18 +0200] "GET /index.py HTTP/1.1" 200 243
::1 - - [18/Dec/2023:16:00:19 +0200] "GET /index.py HTTP/1.1" 200 243
::1 - - [18/Dec/2023:16:00:19 +0200] "GET /index.py HTTP/1.1" 200 243
::1 - - [18/Dec/2023:16:00:20 +0200] "GET /index.py HTTP/1.1" 200 243
::1 - - [18/Dec/2023:16:00:21 +0200] "GET /index.py HTTP/1.1" 200 243
::1 - - [18/Dec/2023:16:00:21 +0200] "GET /index.py HTTP/1.1" 200 243
::1 - - [18/Dec/2023:16:00:22 +0200] "GET /index.py HTTP/1.1" 200 243
::1 - - [18/Dec/2023:16:00:23 +0200] "GET /index.py HTTP/1.1" 200 243
::1 - - [18/Dec/2023:16:00:23 +0200] "GET /index.py HTTP/1.1" 200 243
::1 - - [18/Dec/2023:16:00:24 +0200] "GET /index.py HTTP/1.1" 200 243
::1 - - [18/Dec/2023:16:00:25 +0200] "GET /index.py HTTP/1.1" 200 243
::1 - - [18/Dec/2023:16:00:25 +0200] "GET /index.py HTTP/1.1" 200 243
::1 - - [18/Dec/2023:16:00:27 +0200] "GET /index.py HTTP/1.1" 200 243
::1 - - [18/Dec/2023:16:01:58 +0200] "GET /index.py HTTP/1.1" 200 243
::1 - - [18/Dec/2023:16:03:28 +0200] "GET /index.py HTTP/1.1" 200 1701
::1 - - [18/Dec/2023:16:11:08 +0200] "GET /index.py HTTP/1.1" 200 1839
::1 - - [18/Dec/2023:16:16:56 +0200] "GET /index.py HTTP/1.1" 200 1839
::1 - - [18/Dec/2023:16:16:58 +0200] "GET /index.py HTTP/1.1" 200 1839
::1 - - [18/Dec/2023:16:20:00 +0200] "GET /index.py HTTP/1.1" 200 1839
::1 - - [18/Dec/2023:16:21:57 +0200] "GET /index.py HTTP/1.1" 200 1839
::1 - - [18/Dec/2023:16:22:07 +0200] "GET / HTTP/1.1" 200 1894
::1 - - [19/Dec/2023:15:12:24 +0200] "GET / HTTP/1.1" 200 1797
::1 - - [19/Dec/2023:15:13:26 +0200] "GET / HTTP/1.1" 200 1797
::1 - - [19/Dec/2023:15:27:02 +0200] "GET /intro.txt HTTP/1.1" 200 475
::1 - - [19/Dec/2023:15:30:31 +0200] "GET /shop.py HTTP/1.1" 500 1314
::1 - - [19/Dec/2023:15:33:57 +0200] "GET /shop.py HTTP/1.1" 200 256
::1 - - [19/Dec/2023:15:40:59 +0200] "GET /shop.py?id=123 HTTP/1.1" 200 262
::1 - - [19/Dec/2023:15:41:49 +0200] "GET /shop/123 HTTP/1.1" 404 1279
::1 - - [19/Dec/2023:15:42:44 +0200] "GET /shop.py?id=123 HTTP/1.1" 200 262
::1 - - [19/Dec/2023:15:47:28 +0200] "GET /shop/123 HTTP/1.1" 200 262
::1 - - [19/Dec/2023:15:53:22 +0200] "GET /uk/shop/123 HTTP/1.1" 200 270
::1 - - [19/Dec/2023:16:01:13 +0200] "GET /uk/shop/123 HTTP/1.1" 500 1314
::1 - - [19/Dec/2023:16:01:17 +0200] "GET /uk/shop/123 HTTP/1.1" 500 1314
::1 - - [19/Dec/2023:16:02:17 +0200] "GET /uk/shop/123 HTTP/1.1" 200 283
::1 - - [19/Dec/2023:16:04:57 +0200] "GET /uk/shop/123 HTTP/1.1" 200 258
::1 - - [19/Dec/2023:16:05:01 +0200] "GET /uk/shop/123 HTTP/1.1" 200 258
::1 - - [19/Dec/2023:16:06:09 +0200] "GET /en/shop/123 HTTP/1.1" 200 258
::1 - - [19/Dec/2023:16:07:16 +0200] "GET /en/shop/123 HTTP/1.1" 200 258
::1 - - [19/Dec/2023:16:07:27 +0200] "GET /uk/shop/123 HTTP/1.1" 200 258
::1 - - [19/Dec/2023:16:12:00 +0200] "GET /uk/shop/123 HTTP/1.1" 200 268
::1 - - [19/Dec/2023:16:12:17 +0200] "GET /en/shop/123 HTTP/1.1" 200 252
::1 - - [19/Dec/2023:16:12:39 +0200] "GET /de/shop/123 HTTP/1.1" 200 262
::1 - - [19/Dec/2023:16:13:44 +0200] "GET /de/shop/123 HTTP/1.1" 200 262
::1 - - [19/Dec/2023:16:13:50 +0200] "GET /tt/shop/123 HTTP/1.1" 200 268
::1 - - [19/Dec/2023:16:15:39 +0200] "GET /tt/shop/123 HTTP/1.1" 200 268
::1 - - [19/Dec/2023:16:15:45 +0200] "GET /tt/shop/123 HTTP/1.1" 200 268
::1 - - [19/Dec/2023:16:18:26 +0200] "GET /tt/shop/123 HTTP/1.1" 500 1310
::1 - - [19/Dec/2023:16:19:42 +0200] "GET /tt/shop/123 HTTP/1.1" 200 268
::1 - - [19/Dec/2023:16:19:47 +0200] "GET /tt/shop/123 HTTP/1.1" 200 268
::1 - - [19/Dec/2023:16:38:14 +0200] "GET /tt/shop/123 HTTP/1.1" 302 -
::1 - - [19/Dec/2023:16:38:15 +0200] "GET /uk/shop/ HTTP/1.1" 200 268
::1 - - [19/Dec/2023:16:38:24 +0200] "GET /hh/shop/ HTTP/1.1" 302 -
::1 - - [19/Dec/2023:16:38:24 +0200] "GET /uk/shop/ HTTP/1.1" 200 268
::1 - - [19/Dec/2023:16:38:49 +0200] "GET /ii/shop/ HTTP/1.1" 302 -
::1 - - [19/Dec/2023:16:38:49 +0200] "GET /uk/shop/ HTTP/1.1" 200 268
::1 - - [19/Dec/2023:17:51:59 +0200] "GET /dashboard/ HTTP/1.1" 404 1294
::1 - - [19/Dec/2023:17:52:01 +0200] "GET /favicon.ico HTTP/1.1" 404 1398
::1 - - [20/Dec/2023:12:04:18 +0200] "GET / HTTP/1.1" 200 1797
::1 - - [20/Dec/2023:12:04:29 +0200] "GET /de/shop/123 HTTP/1.1" 200 262
::1 - - [20/Dec/2023:13:06:09 +0200] "GET /de/shop/123 HTTP/1.1" 200 262
::1 - - [20/Dec/2023:13:06:15 +0200] "GET /de/shop/123 HTTP/1.1" 200 262
::1 - - [20/Dec/2023:13:06:16 +0200] "GET / HTTP/1.1" 200 439
::1 - - [20/Dec/2023:13:06:16 +0200] "GET /home.js HTTP/1.1" 200 255
::1 - - [20/Dec/2023:13:09:44 +0200] "GET / HTTP/1.1" 200 439
::1 - - [20/Dec/2023:13:09:45 +0200] "GET /home.js HTTP/1.1" 304 -
::1 - - [20/Dec/2023:13:36:32 +0200] "GET / HTTP/1.1" 200 439
::1 - - [20/Dec/2023:13:36:33 +0200] "GET /home.js HTTP/1.1" 200 620
::1 - - [20/Dec/2023:13:36:41 +0200] "GET /auth?login=user&password=123 HTTP/1.1" 500 1314
::1 - - [20/Dec/2023:13:39:24 +0200] "GET / HTTP/1.1" 200 439
::1 - - [20/Dec/2023:13:39:24 +0200] "GET /home.js HTTP/1.1" 304 -
::1 - - [20/Dec/2023:13:39:28 +0200] "GET /auth?login=user&password=123 HTTP/1.1" 500 1314
::1 - - [20/Dec/2023:13:42:14 +0200] "GET /auth?login=user&password=123 HTTP/1.1" 500 1314
::1 - - [20/Dec/2023:13:42:17 +0200] "GET / HTTP/1.1" 200 439
::1 - - [20/Dec/2023:13:42:17 +0200] "GET /home.js HTTP/1.1" 304 -
::1 - - [20/Dec/2023:13:42:19 +0200] "GET /auth?login=user&password=123 HTTP/1.1" 500 1314
::1 - - [20/Dec/2023:13:45:28 +0200] "GET /api/auth.py HTTP/1.1" 500 1314
::1 - - [20/Dec/2023:13:46:50 +0200] "GET /api/auth.py HTTP/1.1" 500 1314
::1 - - [20/Dec/2023:13:46:59 +0200] "GET /api/auth.py HTTP/1.1" 500 1314
::1 - - [20/Dec/2023:13:47:06 +0200] "GET / HTTP/1.1" 200 439
::1 - - [20/Dec/2023:13:47:06 +0200] "GET /home.js HTTP/1.1" 304 -
::1 - - [20/Dec/2023:13:47:08 +0200] "GET /auth?login=user&password=123 HTTP/1.1" 500 1314
::1 - - [20/Dec/2023:13:47:46 +0200] "GET / HTTP/1.1" 200 439
::1 - - [20/Dec/2023:13:47:48 +0200] "GET /auth?login=user&password=123 HTTP/1.1" 500 1314
::1 - - [20/Dec/2023:13:48:34 +0200] "GET / HTTP/1.1" 200 439
::1 - - [20/Dec/2023:13:48:37 +0200] "GET /auth?login=user&password=123 HTTP/1.1" 500 1314
::1 - - [20/Dec/2023:13:49:44 +0200] "GET /auth.py HTTP/1.1" 500 1314
::1 - - [20/Dec/2023:13:51:29 +0200] "GET /auth.py HTTP/1.1" 404 1279
::1 - - [20/Dec/2023:13:51:34 +0200] "GET / HTTP/1.1" 200 439
::1 - - [20/Dec/2023:13:51:34 +0200] "GET /home.js HTTP/1.1" 304 -
::1 - - [20/Dec/2023:13:51:37 +0200] "GET /auth?login=user&password=123 HTTP/1.1" 404 1333
::1 - - [20/Dec/2023:13:52:12 +0200] "GET /auth?login=user&password=123 HTTP/1.1" 404 1333
::1 - - [20/Dec/2023:13:52:53 +0200] "GET /auth?login=user&password=123 HTTP/1.1" 200 9
::1 - - [20/Dec/2023:13:53:06 +0200] "GET / HTTP/1.1" 200 439
::1 - - [20/Dec/2023:13:53:08 +0200] "GET /auth?login=user&password=123 HTTP/1.1" 200 9
::1 - - [20/Dec/2023:14:01:15 +0200] "GET /auth?login=user&password=123 HTTP/1.1" 200 37
::1 - - [20/Dec/2023:14:10:20 +0200] "GET / HTTP/1.1" 200 439
::1 - - [20/Dec/2023:14:10:20 +0200] "GET /home.js HTTP/1.1" 304 -
::1 - - [20/Dec/2023:14:10:22 +0200] "GET /auth?login=user&password=123 HTTP/1.1" 200 37
::1 - - [20/Dec/2023:14:19:08 +0200] "GET / HTTP/1.1" 200 439
::1 - - [20/Dec/2023:14:19:09 +0200] "GET /home.js HTTP/1.1" 304 -
::1 - - [20/Dec/2023:14:19:12 +0200] "GET /auth?login=user&password=123 HTTP/1.1" 500 1314
::1 - - [20/Dec/2023:14:19:28 +0200] "GET / HTTP/1.1" 200 439
::1 - - [20/Dec/2023:14:19:30 +0200] "GET /auth?login=user&password=123 HTTP/1.1" 200 37
::1 - - [20/Dec/2023:14:25:38 +0200] "GET / HTTP/1.1" 200 439
::1 - - [20/Dec/2023:14:25:38 +0200] "GET /home.js HTTP/1.1" 200 621
::1 - - [20/Dec/2023:14:25:40 +0200] "GET /auth?login2=user&password=123 HTTP/1.1" 400 50
::1 - - [20/Dec/2023:14:26:06 +0200] "GET / HTTP/1.1" 200 439
::1 - - [20/Dec/2023:14:26:06 +0200] "GET /home.js HTTP/1.1" 200 621
::1 - - [20/Dec/2023:14:26:08 +0200] "GET /auth?login=user&password2=123 HTTP/1.1" 400 53
::1 - - [20/Dec/2023:14:26:25 +0200] "GET / HTTP/1.1" 200 439
::1 - - [20/Dec/2023:14:26:25 +0200] "GET /home.js HTTP/1.1" 200 620
::1 - - [20/Dec/2023:14:26:28 +0200] "GET /auth?login=user&password=123 HTTP/1.1" 500 1314
::1 - - [20/Dec/2023:14:28:05 +0200] "GET / HTTP/1.1" 200 439
::1 - - [20/Dec/2023:14:28:06 +0200] "GET /home.js HTTP/1.1" 304 -
::1 - - [20/Dec/2023:14:28:08 +0200] "GET /auth?login=user&password=123 HTTP/1.1" 200 37
::1 - - [20/Dec/2023:15:29:52 +0200] "GET / HTTP/1.1" 200 439
::1 - - [20/Dec/2023:15:29:52 +0200] "GET /home.js HTTP/1.1" 304 -
::1 - - [20/Dec/2023:15:29:54 +0200] "GET /auth?login=user&password=123 HTTP/1.1" 500 1314
::1 - - [20/Dec/2023:15:29:56 +0200] "GET /auth?login=user&password=123 HTTP/1.1" 500 1314
::1 - - [20/Dec/2023:15:31:38 +0200] "GET / HTTP/1.1" 200 439
::1 - - [20/Dec/2023:15:31:40 +0200] "GET /auth?login=user&password=123 HTTP/1.1" 500 1314
::1 - - [20/Dec/2023:15:40:39 +0200] "GET / HTTP/1.1" 200 439
::1 - - [20/Dec/2023:15:40:39 +0200] "GET /home.js HTTP/1.1" 304 -
::1 - - [20/Dec/2023:15:40:42 +0200] "GET /auth?login=user&password=123 HTTP/1.1" 500 1314
::1 - - [20/Dec/2023:15:42:18 +0200] "GET / HTTP/1.1" 200 439
::1 - - [20/Dec/2023:15:42:20 +0200] "GET /auth?login=user&password=123 HTTP/1.1" 200 78
::1 - - [20/Dec/2023:15:43:55 +0200] "GET / HTTP/1.1" 200 439
::1 - - [20/Dec/2023:15:43:57 +0200] "GET /auth?login=user&password=123 HTTP/1.1" 200 78
::1 - - [20/Dec/2023:15:48:51 +0200] "GET / HTTP/1.1" 200 439
::1 - - [20/Dec/2023:15:48:51 +0200] "GET /home.js HTTP/1.1" 304 -
::1 - - [20/Dec/2023:15:48:53 +0200] "GET /auth?login=user&password=123 HTTP/1.1" 200 115
::1 - - [20/Dec/2023:15:58:03 +0200] "GET / HTTP/1.1" 200 439
::1 - - [20/Dec/2023:15:58:04 +0200] "GET /home.js HTTP/1.1" 304 -
::1 - - [20/Dec/2023:15:58:06 +0200] "GET /auth?login=user&password=123 HTTP/1.1" 500 1314
::1 - - [20/Dec/2023:15:59:16 +0200] "GET / HTTP/1.1" 200 439
::1 - - [20/Dec/2023:15:59:18 +0200] "GET /auth?login=user&password=123 HTTP/1.1" 200 50
::1 - - [20/Dec/2023:16:13:00 +0200] "GET / HTTP/1.1" 200 569
::1 - - [20/Dec/2023:16:13:00 +0200] "GET /home.js HTTP/1.1" 200 1101
::1 - - [20/Dec/2023:16:13:07 +0200] "GET /auth?login=user&password=123 HTTP/1.1" 200 50
::1 - - [20/Dec/2023:16:13:09 +0200] "POST /auth HTTP/1.1" 501 43
::1 - - [21/Dec/2023:13:43:56 +0200] "GET / HTTP/1.1" 200 569
::1 - - [21/Dec/2023:13:43:57 +0200] "GET /home.js HTTP/1.1" 304 -
::1 - - [21/Dec/2023:13:44:00 +0200] "POST /auth HTTP/1.1" 501 43
::1 - - [21/Dec/2023:13:44:07 +0200] "GET /auth?login=user&password=123 HTTP/1.1" 200 50
::1 - - [21/Dec/2023:13:44:15 +0200] "GET / HTTP/1.1" 200 569
::1 - - [21/Dec/2023:13:52:18 +0200] "GET / HTTP/1.1" 200 569
::1 - - [21/Dec/2023:13:52:20 +0200] "POST /auth HTTP/1.1" 200 1509
::1 - - [21/Dec/2023:14:02:51 +0200] "GET / HTTP/1.1" 200 569
::1 - - [21/Dec/2023:14:02:53 +0200] "POST /auth HTTP/1.1" 200 1620
::1 - - [21/Dec/2023:14:25:32 +0200] "GET / HTTP/1.1" 200 569
::1 - - [21/Dec/2023:14:25:35 +0200] "POST /auth HTTP/1.1" 401 31
::1 - - [21/Dec/2023:14:27:49 +0200] "GET / HTTP/1.1" 200 569
::1 - - [21/Dec/2023:14:27:51 +0200] "POST /auth HTTP/1.1" 401 31
::1 - - [21/Dec/2023:14:29:30 +0200] "GET / HTTP/1.1" 200 569
::1 - - [21/Dec/2023:14:29:33 +0200] "POST /auth HTTP/1.1" 200 21
::1 - - [21/Dec/2023:14:38:10 +0200] "GET / HTTP/1.1" 200 569
::1 - - [21/Dec/2023:14:38:12 +0200] "POST /auth HTTP/1.1" 200 21
::1 - - [21/Dec/2023:15:12:25 +0200] "GET / HTTP/1.1" 200 569
::1 - - [21/Dec/2023:15:12:28 +0200] "POST /auth HTTP/1.1" 200 21
::1 - - [21/Dec/2023:15:12:32 +0200] "GET /auth?login=user&password=123 HTTP/1.1" 401 46
::1 - - [21/Dec/2023:15:12:40 +0200] "GET /auth?login=user&password=123 HTTP/1.1" 401 46
::1 - - [21/Dec/2023:15:12:44 +0200] "GET / HTTP/1.1" 200 569
::1 - - [21/Dec/2023:15:12:45 +0200] "GET /auth?login=user&password=123 HTTP/1.1" 401 46
::1 - - [21/Dec/2023:15:14:21 +0200] "GET / HTTP/1.1" 200 569
::1 - - [21/Dec/2023:15:14:31 +0200] "GET /auth?login=user&password=123 HTTP/1.1" 401 46
::1 - - [21/Dec/2023:15:16:48 +0200] "GET / HTTP/1.1" 200 569
::1 - - [21/Dec/2023:15:16:48 +0200] "GET /home.js HTTP/1.1" 200 1297
::1 - - [21/Dec/2023:15:16:56 +0200] "GET /auth HTTP/1.1" 200 50
::1 - - [21/Dec/2023:15:17:08 +0200] "-" 408 -
::1 - - [21/Dec/2023:15:17:18 +0200] "GET / HTTP/1.1" 200 569
::1 - - [21/Dec/2023:15:17:26 +0200] "GET /auth?login=user&password=123 HTTP/1.1" 401 46
::1 - - [21/Dec/2023:15:26:14 +0200] "GET / HTTP/1.1" 200 569
::1 - - [21/Dec/2023:15:26:14 +0200] "GET /home.js HTTP/1.1" 304 -
::1 - - [21/Dec/2023:15:26:17 +0200] "GET /auth HTTP/1.1" 200 50
::1 - - [21/Dec/2023:15:26:22 +0200] "POST /auth HTTP/1.1" 200 21
::1 - - [21/Dec/2023:16:40:06 +0200] "GET /product HTTP/1.1" 500 1317
::1 - - [21/Dec/2023:16:40:26 +0200] "-" 408 -
::1 - - [21/Dec/2023:16:44:08 +0200] "GET /product HTTP/1.1" 200 26
::1 - - [21/Dec/2023:17:05:43 +0200] "GET /product HTTP/1.1" 200 26
::1 - - [21/Dec/2023:17:07:22 +0200] "GET / HTTP/1.1" 200 973
::1 - - [21/Dec/2023:17:07:23 +0200] "GET /home.js HTTP/1.1" 200 1811
::1 - - [21/Dec/2023:17:07:27 +0200] "PUT /product HTTP/1.1" 200 134
::1 - - [21/Dec/2023:17:07:42 +0200] "-" 408 -
::1 - - [21/Dec/2023:17:08:31 +0200] "PUT /product HTTP/1.1" 200 134
::1 - - [21/Dec/2023:17:08:59 +0200] "PUT /product HTTP/1.1" 200 136
::1 - - [21/Dec/2023:17:11:42 +0200] "GET / HTTP/1.1" 200 973
::1 - - [21/Dec/2023:17:11:42 +0200] "GET /home.js HTTP/1.1" 304 -
::1 - - [21/Dec/2023:17:11:45 +0200] "PUT /product HTTP/1.1" 500 1317
::1 - - [21/Dec/2023:17:12:33 +0200] "GET / HTTP/1.1" 200 973
::1 - - [21/Dec/2023:17:12:35 +0200] "PUT /product HTTP/1.1" 200 134
::1 - - [21/Dec/2023:17:13:04 +0200] "GET / HTTP/1.1" 200 973
::1 - - [21/Dec/2023:17:13:04 +0200] "GET /home.js HTTP/1.1" 304 -
::1 - - [21/Dec/2023:17:13:06 +0200] "PUT /product HTTP/1.1" 500 1317
::1 - - [22/Dec/2023:09:23:51 +0200] "GET / HTTP/1.1" 200 973
::1 - - [22/Dec/2023:09:23:51 +0200] "GET /home.js HTTP/1.1" 200 1811
::1 - - [22/Dec/2023:09:24:03 +0200] "POST /auth HTTP/1.1" 200 21
::1 - - [22/Dec/2023:09:24:07 +0200] "GET /auth HTTP/1.1" 200 50
::1 - - [22/Dec/2023:09:24:10 +0200] "PUT /product HTTP/1.1" 500 1317
::1 - - [22/Dec/2023:09:24:41 +0200] "GET / HTTP/1.1" 200 973
::1 - - [22/Dec/2023:09:24:41 +0200] "GET /home.js HTTP/1.1" 200 1811
::1 - - [22/Dec/2023:09:24:48 +0200] "PUT /product HTTP/1.1" 500 1317
::1 - - [22/Dec/2023:09:25:01 +0200] "-" 408 -
::1 - - [22/Dec/2023:09:27:16 +0200] "GET / HTTP/1.1" 200 973
::1 - - [22/Dec/2023:09:27:18 +0200] "PUT /product HTTP/1.1" 200 134
::1 - - [22/Dec/2023:09:27:21 +0200] "GET /auth HTTP/1.1" 200 50
::1 - - [22/Dec/2023:09:27:22 +0200] "POST /auth HTTP/1.1" 200 21
::1 - - [22/Dec/2023:09:53:19 +0200] "GET / HTTP/1.1" 200 973
::1 - - [22/Dec/2023:09:53:27 +0200] "GET /product HTTP/1.1" 200 224
::1 - - [22/Dec/2023:10:07:47 +0200] "GET / HTTP/1.1" 200 973
::1 - - [22/Dec/2023:10:07:48 +0200] "PUT /product HTTP/1.1" 405 38
::1 - - [22/Dec/2023:10:08:12 +0200] "GET / HTTP/1.1" 200 973
::1 - - [22/Dec/2023:10:08:12 +0200] "GET /home.js HTTP/1.1" 200 1812
::1 - - [22/Dec/2023:10:08:22 +0200] "POST /product HTTP/1.1" 405 39
::1 - - [22/Dec/2023:10:08:32 +0200] "-" 408 -
::1 - - [22/Dec/2023:10:09:42 +0200] "GET / HTTP/1.1" 200 973
::1 - - [22/Dec/2023:10:09:42 +0200] "GET /home.js HTTP/1.1" 304 -
::1 - - [22/Dec/2023:10:09:45 +0200] "POST /product HTTP/1.1" 200 91
::1 - - [22/Dec/2023:10:40:48 +0200] "GET / HTTP/1.1" 200 1112
::1 - - [22/Dec/2023:10:40:48 +0200] "GET /home.js HTTP/1.1" 200 2177
::1 - - [22/Dec/2023:10:40:48 +0200] "GET /product HTTP/1.1" 200 385
::1 - - [22/Dec/2023:10:40:52 +0200] "POST /product HTTP/1.1" 200 91
::1 - - [22/Dec/2023:10:40:54 +0200] "POST /auth HTTP/1.1" 200 21
::1 - - [22/Dec/2023:10:40:55 +0200] "GET /auth HTTP/1.1" 200 50
::1 - - [22/Dec/2023:10:42:55 +0200] "GET / HTTP/1.1" 200 1112
::1 - - [22/Dec/2023:10:42:55 +0200] "GET /home.js HTTP/1.1" 200 2230
::1 - - [22/Dec/2023:10:42:55 +0200] "GET /product HTTP/1.1" 200 546
::1 - - [22/Dec/2023:10:42:55 +0200] "GET /imgproduct2.png HTTP/1.1" 404 1333
::1 - - [22/Dec/2023:10:42:55 +0200] "GET /imgproduct1.png HTTP/1.1" 404 1333
::1 - - [22/Dec/2023:10:44:40 +0200] "GET / HTTP/1.1" 200 1112
::1 - - [22/Dec/2023:10:44:41 +0200] "GET /home.js HTTP/1.1" 304 -
::1 - - [22/Dec/2023:10:44:41 +0200] "GET /product HTTP/1.1" 200 546
::1 - - [22/Dec/2023:10:44:41 +0200] "GET /imgproduct2.png HTTP/1.1" 404 1333
::1 - - [22/Dec/2023:10:44:41 +0200] "GET /imgproduct1.png HTTP/1.1" 404 1333
::1 - - [22/Dec/2023:10:45:24 +0200] "GET / HTTP/1.1" 200 1112
::1 - - [22/Dec/2023:10:45:24 +0200] "GET /home.js HTTP/1.1" 200 2231
::1 - - [22/Dec/2023:10:45:24 +0200] "GET /product HTTP/1.1" 200 546
::1 - - [22/Dec/2023:10:45:24 +0200] "GET /img/product1.png HTTP/1.1" 200 76616
::1 - - [22/Dec/2023:10:45:24 +0200] "GET /img/product2.png HTTP/1.1" 200 35547
::1 - - [22/Dec/2023:10:47:17 +0200] "GET / HTTP/1.1" 200 1112
::1 - - [22/Dec/2023:10:47:17 +0200] "GET /home.js HTTP/1.1" 304 -
::1 - - [22/Dec/2023:10:47:17 +0200] "GET /product HTTP/1.1" 200 385
::1 - - [22/Dec/2023:10:58:04 +0200] "GET / HTTP/1.1" 200 1565
::1 - - [22/Dec/2023:10:58:04 +0200] "GET /home.js HTTP/1.1" 200 2716
::1 - - [22/Dec/2023:10:58:05 +0200] "GET /product HTTP/1.1" 200 385
::1 - - [22/Dec/2023:10:58:05 +0200] "GET /img/product2.png HTTP/1.1" 304 -
::1 - - [22/Dec/2023:10:58:05 +0200] "GET /img/product1.png HTTP/1.1" 304 -
::1 - - [22/Dec/2023:10:58:27 +0200] "GET / HTTP/1.1" 200 1565
::1 - - [22/Dec/2023:10:58:27 +0200] "GET /home.js HTTP/1.1" 200 2716
::1 - - [22/Dec/2023:10:58:27 +0200] "GET /product HTTP/1.1" 200 385
::1 - - [22/Dec/2023:10:58:27 +0200] "GET /img/product1.png HTTP/1.1" 200 76616
::1 - - [22/Dec/2023:10:58:27 +0200] "GET /img/product2.png HTTP/1.1" 200 35547
::1 - - [22/Dec/2023:10:58:47 +0200] "-" 408 -
::1 - - [22/Dec/2023:11:02:15 +0200] "POST /product HTTP/1.1" 200 91
::1 - - [22/Dec/2023:11:02:35 +0200] "POST /product HTTP/1.1" 200 91
::1 - - [22/Dec/2023:11:02:59 +0200] "POST /product HTTP/1.1" 200 91
::1 - - [22/Dec/2023:11:04:33 +0200] "GET / HTTP/1.1" 200 1565
::1 - - [22/Dec/2023:11:04:33 +0200] "GET /home.js HTTP/1.1" 304 -
::1 - - [22/Dec/2023:11:04:34 +0200] "GET /product HTTP/1.1" 200 702
::1 - - [22/Dec/2023:11:04:34 +0200] "GET /img/product1.png HTTP/1.1" 304 -
::1 - - [22/Dec/2023:11:04:34 +0200] "GET /img/product2.png HTTP/1.1" 304 -
::1 - - [22/Dec/2023:11:04:34 +0200] "GET /img/product3.png HTTP/1.1" 404 1333
::1 - - [22/Dec/2023:11:04:34 +0200] "GET /img/product4.png HTTP/1.1" 404 1333
::1 - - [22/Dec/2023:11:07:37 +0200] "GET / HTTP/1.1" 200 1565
::1 - - [22/Dec/2023:11:07:37 +0200] "GET /home.js HTTP/1.1" 304 -
::1 - - [22/Dec/2023:11:07:37 +0200] "GET /product HTTP/1.1" 200 702
::1 - - [22/Dec/2023:11:07:38 +0200] "GET /img/product3.png HTTP/1.1" 200 41584
::1 - - [22/Dec/2023:11:07:38 +0200] "GET /img/product4.png HTTP/1.1" 200 41176
::1 - - [22/Dec/2023:11:08:51 +0200] "GET / HTTP/1.1" 200 1565
::1 - - [22/Dec/2023:11:08:51 +0200] "GET /home.js HTTP/1.1" 200 2716
::1 - - [22/Dec/2023:11:08:52 +0200] "GET /product HTTP/1.1" 200 702
::1 - - [22/Dec/2023:11:08:52 +0200] "GET /img/product1.png HTTP/1.1" 200 62886
::1 - - [22/Dec/2023:11:08:52 +0200] "GET /img/product2.png HTTP/1.1" 200 35547
::1 - - [22/Dec/2023:11:08:52 +0200] "GET /img/product3.png HTTP/1.1" 200 41584
::1 - - [22/Dec/2023:11:08:52 +0200] "GET /img/product4.png HTTP/1.1" 200 41176
::1 - - [22/Dec/2023:11:09:11 +0200] "-" 408 -
::1 - - [22/Dec/2023:11:14:03 +0200] "GET / HTTP/1.1" 200 1565
::1 - - [22/Dec/2023:11:14:04 +0200] "GET /home.js HTTP/1.1" 200 2717
::1 - - [22/Dec/2023:11:14:04 +0200] "GET /product HTTP/1.1" 200 702
::1 - - [22/Dec/2023:11:14:04 +0200] "GET /img/product1.png HTTP/1.1" 304 -
::1 - - [22/Dec/2023:11:14:04 +0200] "GET /img/product2.png HTTP/1.1" 304 -
::1 - - [22/Dec/2023:11:14:04 +0200] "GET /img/product4.png HTTP/1.1" 304 -
::1 - - [22/Dec/2023:11:14:04 +0200] "GET /img/product3.png HTTP/1.1" 304 -
::1 - - [22/Dec/2023:11:14:52 +0200] "GET / HTTP/1.1" 200 1565
::1 - - [22/Dec/2023:11:14:52 +0200] "GET /home.js HTTP/1.1" 200 2717
::1 - - [22/Dec/2023:11:14:52 +0200] "GET /product HTTP/1.1" 200 702
::1 - - [22/Dec/2023:11:14:52 +0200] "GET /img/product4.png HTTP/1.1" 304 -
::1 - - [22/Dec/2023:11:14:52 +0200] "GET /img/product3.png HTTP/1.1" 304 -
::1 - - [22/Dec/2023:11:14:52 +0200] "GET /img/product2.png HTTP/1.1" 304 -
::1 - - [22/Dec/2023:11:14:52 +0200] "GET /img/product1.png HTTP/1.1" 304 -
::1 - - [22/Dec/2023:11:15:55 +0200] "GET / HTTP/1.1" 200 1565
::1 - - [22/Dec/2023:11:15:55 +0200] "GET /home.js HTTP/1.1" 200 2736
::1 - - [22/Dec/2023:11:15:55 +0200] "GET /product HTTP/1.1" 200 702
::1 - - [22/Dec/2023:11:15:56 +0200] "GET /img/product3.png HTTP/1.1" 304 -
::1 - - [22/Dec/2023:11:15:56 +0200] "GET /img/product2.png HTTP/1.1" 304 -
::1 - - [22/Dec/2023:11:15:56 +0200] "GET /img/product4.png HTTP/1.1" 304 -
::1 - - [22/Dec/2023:11:15:56 +0200] "GET /img/product1.png HTTP/1.1" 304 -
::1 - - [22/Dec/2023:11:16:13 +0200] "GET / HTTP/1.1" 200 1565
::1 - - [22/Dec/2023:11:16:13 +0200] "GET /home.js HTTP/1.1" 200 2736
::1 - - [22/Dec/2023:11:16:13 +0200] "GET /product HTTP/1.1" 200 702
::1 - - [22/Dec/2023:11:20:19 +0200] "GET / HTTP/1.1" 200 1565
::1 - - [22/Dec/2023:11:20:20 +0200] "GET /home.js HTTP/1.1" 200 2149
::1 - - [22/Dec/2023:11:20:20 +0200] "GET /tpl/product.html HTTP/1.1" 404 1333
::1 - - [22/Dec/2023:11:20:34 +0200] "GET / HTTP/1.1" 200 1565
::1 - - [22/Dec/2023:11:20:34 +0200] "GET /home.js HTTP/1.1" 304 -
::1 - - [22/Dec/2023:11:20:34 +0200] "GET /tpl/product.html HTTP/1.1" 404 1333
::1 - - [22/Dec/2023:11:20:36 +0200] "GET / HTTP/1.1" 200 1565
::1 - - [22/Dec/2023:11:20:36 +0200] "GET /home.js HTTP/1.1" 304 -
::1 - - [22/Dec/2023:11:20:36 +0200] "GET /tpl/product.html HTTP/1.1" 404 1333
::1 - - [22/Dec/2023:11:21:59 +0200] "GET / HTTP/1.1" 200 1565
::1 - - [22/Dec/2023:11:21:59 +0200] "GET /home.js HTTP/1.1" 200 2149
::1 - - [22/Dec/2023:11:21:59 +0200] "GET /tpl/product.html HTTP/1.1" 404 1333
::1 - - [22/Dec/2023:11:22:49 +0200] "GET / HTTP/1.1" 200 1565
::1 - - [22/Dec/2023:11:22:49 +0200] "GET /home.js HTTP/1.1" 304 -
::1 - - [22/Dec/2023:11:22:49 +0200] "GET /tpl/product.html HTTP/1.1" 200 511
::1 - - [22/Dec/2023:11:22:49 +0200] "GET /product HTTP/1.1" 200 702
::1 - - [22/Dec/2023:11:22:50 +0200] "GET /img/product1.png HTTP/1.1" 200 62886
::1 - - [22/Dec/2023:11:22:50 +0200] "GET /img/product3.png HTTP/1.1" 200 41584
::1 - - [22/Dec/2023:11:22:50 +0200] "GET /img/product2.png HTTP/1.1" 200 35547
::1 - - [22/Dec/2023:11:22:50 +0200] "GET /img/product4.png HTTP/1.1" 200 41176
::1 - - [22/Dec/2023:11:26:24 +0200] "GET / HTTP/1.1" 200 1565
::1 - - [22/Dec/2023:11:26:25 +0200] "GET /home.js HTTP/1.1" 304 -
::1 - - [22/Dec/2023:11:26:25 +0200] "GET /tpl/product.html HTTP/1.1" 200 448
::1 - - [22/Dec/2023:11:26:25 +0200] "GET /product HTTP/1.1" 200 702
::1 - - [22/Dec/2023:11:26:25 +0200] "GET /img/product1.png HTTP/1.1" 304 -
::1 - - [22/Dec/2023:11:26:25 +0200] "GET /img/product2.png HTTP/1.1" 304 -
::1 - - [22/Dec/2023:11:26:25 +0200] "GET /img/product3.png HTTP/1.1" 304 -
::1 - - [22/Dec/2023:11:26:25 +0200] "GET /img/product4.png HTTP/1.1" 304 -
::1 - - [22/Dec/2023:11:26:48 +0200] "GET / HTTP/1.1" 200 1565
::1 - - [22/Dec/2023:11:26:48 +0200] "GET /home.js HTTP/1.1" 200 2149
::1 - - [22/Dec/2023:11:26:49 +0200] "GET /tpl/product.html HTTP/1.1" 200 448
::1 - - [22/Dec/2023:11:26:49 +0200] "GET /product HTTP/1.1" 200 702
::1 - - [22/Dec/2023:11:26:49 +0200] "GET /img/product2.png HTTP/1.1" 200 35547
::1 - - [22/Dec/2023:11:26:49 +0200] "GET /img/product1.png HTTP/1.1" 200 62886
::1 - - [22/Dec/2023:11:26:49 +0200] "GET /img/product4.png HTTP/1.1" 200 41176
::1 - - [22/Dec/2023:11:26:49 +0200] "GET /img/product3.png HTTP/1.1" 200 41584
::1 - - [22/Dec/2023:11:27:08 +0200] "-" 408 -
::1 - - [22/Dec/2023:11:30:41 +0200] "GET / HTTP/1.1" 200 1611
::1 - - [22/Dec/2023:11:30:41 +0200] "GET /home.js HTTP/1.1" 304 -
::1 - - [22/Dec/2023:11:30:41 +0200] "GET /tpl/product.html HTTP/1.1" 200 475
::1 - - [22/Dec/2023:11:30:41 +0200] "GET /product HTTP/1.1" 200 702
::1 - - [22/Dec/2023:11:30:41 +0200] "GET /img/product2.png HTTP/1.1" 304 -
::1 - - [22/Dec/2023:11:30:41 +0200] "GET /img/product1.png HTTP/1.1" 304 -
::1 - - [22/Dec/2023:11:30:41 +0200] "GET /img/product3.png HTTP/1.1" 304 -
::1 - - [22/Dec/2023:11:30:41 +0200] "GET /img/product4.png HTTP/1.1" 304 -
::1 - - [22/Dec/2023:11:31:11 +0200] "GET / HTTP/1.1" 200 1611
::1 - - [22/Dec/2023:11:31:11 +0200] "GET /tpl/product.html HTTP/1.1" 200 475
::1 - - [22/Dec/2023:11:31:11 +0200] "GET /product HTTP/1.1" 200 702
::1 - - [22/Dec/2023:11:31:29 +0200] "GET / HTTP/1.1" 200 1611
::1 - - [22/Dec/2023:11:31:29 +0200] "GET /home.js HTTP/1.1" 200 2149
::1 - - [22/Dec/2023:11:31:30 +0200] "GET /tpl/product.html HTTP/1.1" 200 475
::1 - - [22/Dec/2023:11:31:30 +0200] "GET /product HTTP/1.1" 200 702
::1 - - [22/Dec/2023:11:31:30 +0200] "GET /img/product1.png HTTP/1.1" 200 62886
::1 - - [22/Dec/2023:11:31:30 +0200] "GET /img/product2.png HTTP/1.1" 200 35547
::1 - - [22/Dec/2023:11:31:30 +0200] "GET /img/product3.png HTTP/1.1" 200 41584
::1 - - [22/Dec/2023:11:31:30 +0200] "GET /img/product4.png HTTP/1.1" 200 41176
::1 - - [22/Dec/2023:11:31:49 +0200] "-" 408 -
::1 - - [22/Dec/2023:11:34:08 +0200] "GET / HTTP/1.1" 200 1611
::1 - - [22/Dec/2023:11:34:08 +0200] "GET /site.css HTTP/1.1" 200 42
::1 - - [22/Dec/2023:11:34:08 +0200] "GET /home.js HTTP/1.1" 304 -
::1 - - [22/Dec/2023:11:34:08 +0200] "GET /tpl/product.html HTTP/1.1" 200 465
::1 - - [22/Dec/2023:11:34:08 +0200] "GET /product HTTP/1.1" 200 702
::1 - - [22/Dec/2023:11:34:09 +0200] "GET /img/product1.png HTTP/1.1" 304 -
::1 - - [22/Dec/2023:11:34:09 +0200] "GET /img/product2.png HTTP/1.1" 304 -
::1 - - [22/Dec/2023:11:34:09 +0200] "GET /img/product4.png HTTP/1.1" 304 -
::1 - - [22/Dec/2023:11:34:09 +0200] "GET /img/product3.png HTTP/1.1" 304 -
::1 - - [22/Dec/2023:11:34:53 +0200] "GET / HTTP/1.1" 200 1611
::1 - - [22/Dec/2023:11:34:53 +0200] "GET /site.css HTTP/1.1" 304 -
::1 - - [22/Dec/2023:11:34:53 +0200] "GET /tpl/product.html HTTP/1.1" 200 457
::1 - - [22/Dec/2023:11:34:53 +0200] "GET /product HTTP/1.1" 200 702
::1 - - [22/Dec/2023:11:35:24 +0200] "GET / HTTP/1.1" 200 1611
::1 - - [22/Dec/2023:11:35:24 +0200] "GET /site.css HTTP/1.1" 200 44
::1 - - [22/Dec/2023:11:35:24 +0200] "GET /home.js HTTP/1.1" 304 -
::1 - - [22/Dec/2023:11:35:24 +0200] "GET /tpl/product.html HTTP/1.1" 304 -
::1 - - [22/Dec/2023:11:35:24 +0200] "GET /product HTTP/1.1" 200 702
::1 - - [22/Dec/2023:11:35:31 +0200] "GET / HTTP/1.1" 200 1611
::1 - - [22/Dec/2023:11:35:31 +0200] "GET /site.css HTTP/1.1" 200 44
::1 - - [22/Dec/2023:11:35:31 +0200] "GET /tpl/product.html HTTP/1.1" 304 -
::1 - - [22/Dec/2023:11:35:31 +0200] "GET /product HTTP/1.1" 200 702
::1 - - [25/Dec/2023:13:47:17 +0200] "GET / HTTP/1.1" 200 1611
::1 - - [25/Dec/2023:13:47:18 +0200] "GET /site.css HTTP/1.1" 200 44
::1 - - [25/Dec/2023:13:47:18 +0200] "GET /home.js HTTP/1.1" 200 2149
::1 - - [25/Dec/2023:13:47:18 +0200] "GET /tpl/product.html HTTP/1.1" 200 457
::1 - - [25/Dec/2023:13:47:18 +0200] "GET /apple-touch-icon-precomposed.png HTTP/1.1" 404 1279
::1 - - [25/Dec/2023:13:47:18 +0200] "GET /apple-touch-icon.png HTTP/1.1" 404 1279
::1 - - [25/Dec/2023:13:47:18 +0200] "GET /product HTTP/1.1" 200 702
::1 - - [25/Dec/2023:13:47:20 +0200] "GET /img/product1.png HTTP/1.1" 200 62886
::1 - - [25/Dec/2023:13:47:20 +0200] "GET /img/product4.png HTTP/1.1" 200 41176
::1 - - [25/Dec/2023:13:47:20 +0200] "GET /img/product3.png HTTP/1.1" 200 41584
::1 - - [25/Dec/2023:13:47:20 +0200] "GET /img/product2.png HTTP/1.1" 200 35547
::1 - - [25/Dec/2023:13:47:25 +0200] "OPTIONS * HTTP/1.0" 200 -
::1 - - [25/Dec/2023:13:47:26 +0200] "OPTIONS * HTTP/1.0" 200 -
::1 - - [25/Dec/2023:13:47:27 +0200] "OPTIONS * HTTP/1.0" 200 -
::1 - - [25/Dec/2023:13:47:33 +0200] "GET /auth HTTP/1.1" 200 50
::1 - - [25/Dec/2023:13:47:35 +0200] "POST /auth HTTP/1.1" 200 21
::1 - - [25/Dec/2023:14:29:48 +0200] "GET / HTTP/1.1" 200 1611
::1 - - [25/Dec/2023:14:29:48 +0200] "GET /tpl/product.html HTTP/1.1" 200 457
::1 - - [25/Dec/2023:14:29:48 +0200] "GET /product HTTP/1.1" 200 702
::1 - - [11/Jan/2024:20:56:43 +0200] "GET / HTTP/1.1" 500 1315
::1 - - [11/Jan/2024:20:56:43 +0200] "GET /apple-touch-icon-precomposed.png HTTP/1.1" 404 1279
::1 - - [11/Jan/2024:20:56:43 +0200] "GET /favicon.ico HTTP/1.1" 404 1333
::1 - - [11/Jan/2024:20:56:43 +0200] "GET /apple-touch-icon.png HTTP/1.1" 404 1279
